<?xml version="1.0" encoding="UTF-8"?>
<!-- Generated by org.testng.reporters.JUnitReportReporter -->
<testsuite hostname="Akshay-L14-3Z4D" failures="0" tests="2" name="Position2.ArenaSuite.tests.Login" time="2.197" errors="0" timestamp="2024-06-28T10:53:16 IST" skipped="0">
  <testcase classname="Position2.ArenaSuite.tests.Login" name="inValidLogin" time="1.764"/>
  <testcase classname="Position2.ArenaSuite.tests.Login" name="validLogin" time="0.433"/>
</testsuite> <!-- Position2.ArenaSuite.tests.Login -->
