<?xml version="1.0" encoding="UTF-8"?>
<!-- Generated by org.testng.reporters.JUnitReportReporter -->
<testsuite hostname="Akshay-L14-3Z4D" failures="0" tests="1" name="Position2.ArenaSuite.Login" time="0.398" errors="0" timestamp="2024-06-13T12:37:25 IST" skipped="0">
  <testcase classname="Position2.ArenaSuite.Login" name="validLogin" time="0.398"/>
</testsuite> <!-- Position2.ArenaSuite.Login -->
